This file contains any messages produced by compilers while
running configure, to aid debugging if configure makes a mistake.

It was created by libemu configure 0.1.0, which was
generated by GNU Autoconf 2.60.  Invocation command line was

  $ ./configure --prefix=/opt/libemu

## --------- ##
## Platform. ##
## --------- ##

hostname = castingcouch
uname -m = x86_64
uname -r = 5.4.0-47-generic
uname -s = Linux
uname -v = #51-Ubuntu SMP Fri Sep 4 19:50:52 UTC 2020

/usr/bin/uname -p = x86_64
/bin/uname -X     = unknown

/bin/arch              = x86_64
/usr/bin/arch -k       = unknown
/usr/convex/getsysinfo = unknown
/usr/bin/hostinfo      = unknown
/bin/machine           = unknown
/usr/bin/oslevel       = unknown
/bin/universe          = unknown

PATH: /home/johnguy/Downloads/amazon-corretto-11.0.7.10.1-linux-x64/bin
PATH: /home/johnguy/.local/bin
PATH: /usr/local/sbin
PATH: /usr/local/bin
PATH: /usr/sbin
PATH: /usr/bin
PATH: /sbin
PATH: /bin
PATH: /usr/games
PATH: /usr/local/games
PATH: /snap/bin
PATH: /home/johnguy/.axiom/interact


## ----------- ##
## Core tests. ##
## ----------- ##

configure:1968: checking for a BSD-compatible install
configure:2024: result: /usr/bin/install -c
configure:2035: checking whether build environment is sane
configure:2078: result: yes
configure:2143: checking for gawk
configure:2173: result: no
configure:2143: checking for mawk
configure:2159: found /usr/bin/mawk
configure:2170: result: mawk
configure:2181: checking whether make sets $(MAKE)
configure:2202: result: yes
configure:2400: checking build system type
configure:2418: result: x86_64-unknown-linux-gnu
configure:2440: checking host system type
configure:2455: result: x86_64-unknown-linux-gnu
configure:2489: checking for style of include used by make
configure:2517: result: GNU
configure:2590: checking for gcc
configure:2606: found /usr/bin/gcc
configure:2617: result: gcc
configure:2855: checking for C compiler version
configure:2862: gcc --version >&5
gcc (Ubuntu 9.3.0-10ubuntu2) 9.3.0
Copyright (C) 2019 Free Software Foundation, Inc.
This is free software; see the source for copying conditions.  There is NO
warranty; not even for MERCHANTABILITY or FITNESS FOR A PARTICULAR PURPOSE.

configure:2865: $? = 0
configure:2872: gcc -v >&5
Using built-in specs.
COLLECT_GCC=gcc
COLLECT_LTO_WRAPPER=/usr/lib/gcc/x86_64-linux-gnu/9/lto-wrapper
OFFLOAD_TARGET_NAMES=nvptx-none:hsa
OFFLOAD_TARGET_DEFAULT=1
Target: x86_64-linux-gnu
Configured with: ../src/configure -v --with-pkgversion='Ubuntu 9.3.0-10ubuntu2' --with-bugurl=file:///usr/share/doc/gcc-9/README.Bugs --enable-languages=c,ada,c++,go,brig,d,fortran,objc,obj-c++,gm2 --prefix=/usr --with-gcc-major-version-only --program-suffix=-9 --program-prefix=x86_64-linux-gnu- --enable-shared --enable-linker-build-id --libexecdir=/usr/lib --without-included-gettext --enable-threads=posix --libdir=/usr/lib --enable-nls --enable-clocale=gnu --enable-libstdcxx-debug --enable-libstdcxx-time=yes --with-default-libstdcxx-abi=new --enable-gnu-unique-object --disable-vtable-verify --enable-plugin --enable-default-pie --with-system-zlib --with-target-system-zlib=auto --enable-objc-gc=auto --enable-multiarch --disable-werror --with-arch-32=i686 --with-abi=m64 --with-multilib-list=m32,m64,mx32 --enable-multilib --with-tune=generic --enable-offload-targets=nvptx-none,hsa --without-cuda-driver --enable-checking=release --build=x86_64-linux-gnu --host=x86_64-linux-gnu --target=x86_64-linux-gnu
Thread model: posix
gcc version 9.3.0 (Ubuntu 9.3.0-10ubuntu2) 
configure:2875: $? = 0
configure:2882: gcc -V >&5
gcc: error: unrecognized command line option '-V'
gcc: fatal error: no input files
compilation terminated.
configure:2885: $? = 1
configure:2908: checking for C compiler default output file name
configure:2935: gcc    conftest.c  >&5
configure:2938: $? = 0
configure:2984: result: a.out
configure:2989: checking whether the C compiler works
configure:2999: ./a.out
configure:3002: $? = 0
configure:3019: result: yes
configure:3026: checking whether we are cross compiling
configure:3028: result: no
configure:3031: checking for suffix of executables
configure:3038: gcc -o conftest    conftest.c  >&5
configure:3041: $? = 0
configure:3065: result: 
configure:3071: checking for suffix of object files
configure:3097: gcc -c   conftest.c >&5
configure:3100: $? = 0
configure:3123: result: o
configure:3127: checking whether we are using the GNU C compiler
configure:3156: gcc -c   conftest.c >&5
configure:3162: $? = 0
configure:3169: test -z "$ac_c_werror_flag" || test ! -s conftest.err
configure:3172: $? = 0
configure:3179: test -s conftest.o
configure:3182: $? = 0
configure:3196: result: yes
configure:3201: checking whether gcc accepts -g
configure:3231: gcc -c -g  conftest.c >&5
configure:3237: $? = 0
configure:3244: test -z "$ac_c_werror_flag" || test ! -s conftest.err
configure:3247: $? = 0
configure:3254: test -s conftest.o
configure:3257: $? = 0
configure:3387: result: yes
configure:3404: checking for gcc option to accept ISO C89
configure:3478: gcc  -c -g -O2  conftest.c >&5
configure:3484: $? = 0
configure:3491: test -z "$ac_c_werror_flag" || test ! -s conftest.err
configure:3494: $? = 0
configure:3501: test -s conftest.o
configure:3504: $? = 0
configure:3524: result: none needed
configure:3544: checking dependency style of gcc
configure:3634: result: gcc3
configure:3652: checking for an ANSI C-conforming const
configure:3727: gcc -c -g -O2  conftest.c >&5
configure:3733: $? = 0
configure:3740: test -z "$ac_c_werror_flag" || test ! -s conftest.err
configure:3743: $? = 0
configure:3750: test -s conftest.o
configure:3753: $? = 0
configure:3765: result: yes
configure:3780: checking how to run the C preprocessor
configure:3820: gcc -E  conftest.c
configure:3826: $? = 0
configure:3864: gcc -E  conftest.c
conftest.c:10:10: fatal error: ac_nonexistent.h: No such file or directory
   10 | #include <ac_nonexistent.h>
      |          ^~~~~~~~~~~~~~~~~~
compilation terminated.
configure:3870: $? = 1
configure: failed program was:
| /* confdefs.h.  */
| #define PACKAGE_NAME "libemu"
| #define PACKAGE_TARNAME "libemu"
| #define PACKAGE_VERSION "0.1.0"
| #define PACKAGE_STRING "libemu 0.1.0"
| #define PACKAGE_BUGREPORT "nepenthesdev@gmail.com"
| #define PACKAGE "libemu"
| #define VERSION "0.1.0"
| /* end confdefs.h.  */
| #include <ac_nonexistent.h>
configure:3910: result: gcc -E
configure:3939: gcc -E  conftest.c
configure:3945: $? = 0
configure:3983: gcc -E  conftest.c
conftest.c:10:10: fatal error: ac_nonexistent.h: No such file or directory
   10 | #include <ac_nonexistent.h>
      |          ^~~~~~~~~~~~~~~~~~
compilation terminated.
configure:3989: $? = 1
configure: failed program was:
| /* confdefs.h.  */
| #define PACKAGE_NAME "libemu"
| #define PACKAGE_TARNAME "libemu"
| #define PACKAGE_VERSION "0.1.0"
| #define PACKAGE_STRING "libemu 0.1.0"
| #define PACKAGE_BUGREPORT "nepenthesdev@gmail.com"
| #define PACKAGE "libemu"
| #define VERSION "0.1.0"
| /* end confdefs.h.  */
| #include <ac_nonexistent.h>
configure:4034: checking for grep that handles long lines and -e
configure:4108: result: /usr/bin/grep
configure:4113: checking for egrep
configure:4191: result: /usr/bin/grep -E
configure:4196: checking for ANSI C header files
configure:4226: gcc -c -g -O2  conftest.c >&5
configure:4232: $? = 0
configure:4239: test -z "$ac_c_werror_flag" || test ! -s conftest.err
configure:4242: $? = 0
configure:4249: test -s conftest.o
configure:4252: $? = 0
configure:4348: gcc -o conftest -g -O2   conftest.c  >&5
configure:4351: $? = 0
configure:4357: ./conftest
configure:4360: $? = 0
configure:4377: result: yes
configure:4401: checking for sys/types.h
configure:4422: gcc -c -g -O2  conftest.c >&5
configure:4428: $? = 0
configure:4435: test -z "$ac_c_werror_flag" || test ! -s conftest.err
configure:4438: $? = 0
configure:4445: test -s conftest.o
configure:4448: $? = 0
configure:4461: result: yes
configure:4401: checking for sys/stat.h
configure:4422: gcc -c -g -O2  conftest.c >&5
configure:4428: $? = 0
configure:4435: test -z "$ac_c_werror_flag" || test ! -s conftest.err
configure:4438: $? = 0
configure:4445: test -s conftest.o
configure:4448: $? = 0
configure:4461: result: yes
configure:4401: checking for stdlib.h
configure:4422: gcc -c -g -O2  conftest.c >&5
configure:4428: $? = 0
configure:4435: test -z "$ac_c_werror_flag" || test ! -s conftest.err
configure:4438: $? = 0
configure:4445: test -s conftest.o
configure:4448: $? = 0
configure:4461: result: yes
configure:4401: checking for string.h
configure:4422: gcc -c -g -O2  conftest.c >&5
configure:4428: $? = 0
configure:4435: test -z "$ac_c_werror_flag" || test ! -s conftest.err
configure:4438: $? = 0
configure:4445: test -s conftest.o
configure:4448: $? = 0
configure:4461: result: yes
configure:4401: checking for memory.h
configure:4422: gcc -c -g -O2  conftest.c >&5
configure:4428: $? = 0
configure:4435: test -z "$ac_c_werror_flag" || test ! -s conftest.err
configure:4438: $? = 0
configure:4445: test -s conftest.o
configure:4448: $? = 0
configure:4461: result: yes
configure:4401: checking for strings.h
configure:4422: gcc -c -g -O2  conftest.c >&5
configure:4428: $? = 0
configure:4435: test -z "$ac_c_werror_flag" || test ! -s conftest.err
configure:4438: $? = 0
configure:4445: test -s conftest.o
configure:4448: $? = 0
configure:4461: result: yes
configure:4401: checking for inttypes.h
configure:4422: gcc -c -g -O2  conftest.c >&5
configure:4428: $? = 0
configure:4435: test -z "$ac_c_werror_flag" || test ! -s conftest.err
configure:4438: $? = 0
configure:4445: test -s conftest.o
configure:4448: $? = 0
configure:4461: result: yes
configure:4401: checking for stdint.h
configure:4422: gcc -c -g -O2  conftest.c >&5
configure:4428: $? = 0
configure:4435: test -z "$ac_c_werror_flag" || test ! -s conftest.err
configure:4438: $? = 0
configure:4445: test -s conftest.o
configure:4448: $? = 0
configure:4461: result: yes
configure:4401: checking for unistd.h
configure:4422: gcc -c -g -O2  conftest.c >&5
configure:4428: $? = 0
configure:4435: test -z "$ac_c_werror_flag" || test ! -s conftest.err
configure:4438: $? = 0
configure:4445: test -s conftest.o
configure:4448: $? = 0
configure:4461: result: yes
configure:4473: checking whether byte ordering is bigendian
configure:4505: gcc -c -g -O2  conftest.c >&5
configure:4511: $? = 0
configure:4518: test -z "$ac_c_werror_flag" || test ! -s conftest.err
configure:4521: $? = 0
configure:4528: test -s conftest.o
configure:4531: $? = 0
configure:4560: gcc -c -g -O2  conftest.c >&5
conftest.c: In function 'main':
conftest.c:27:2: error: unknown type name 'not'; did you mean 'ino_t'?
   27 |  not big endian
      |  ^~~
      |  ino_t
conftest.c:27:10: error: expected '=', ',', ';', 'asm' or '__attribute__' before 'endian'
   27 |  not big endian
      |          ^~~~~~
configure:4566: $? = 1
configure: failed program was:
| /* confdefs.h.  */
| #define PACKAGE_NAME "libemu"
| #define PACKAGE_TARNAME "libemu"
| #define PACKAGE_VERSION "0.1.0"
| #define PACKAGE_STRING "libemu 0.1.0"
| #define PACKAGE_BUGREPORT "nepenthesdev@gmail.com"
| #define PACKAGE "libemu"
| #define VERSION "0.1.0"
| #define STDC_HEADERS 1
| #define HAVE_SYS_TYPES_H 1
| #define HAVE_SYS_STAT_H 1
| #define HAVE_STDLIB_H 1
| #define HAVE_STRING_H 1
| #define HAVE_MEMORY_H 1
| #define HAVE_STRINGS_H 1
| #define HAVE_INTTYPES_H 1
| #define HAVE_STDINT_H 1
| #define HAVE_UNISTD_H 1
| /* end confdefs.h.  */
| #include <sys/types.h>
| #include <sys/param.h>
| 
| int
| main ()
| {
| #if BYTE_ORDER != BIG_ENDIAN
|  not big endian
| #endif
| 
|   ;
|   return 0;
| }
configure:4740: result: no
configure:4827: checking for gcc
configure:4854: result: gcc
configure:5092: checking for C compiler version
configure:5099: gcc --version >&5
gcc (Ubuntu 9.3.0-10ubuntu2) 9.3.0
Copyright (C) 2019 Free Software Foundation, Inc.
This is free software; see the source for copying conditions.  There is NO
warranty; not even for MERCHANTABILITY or FITNESS FOR A PARTICULAR PURPOSE.

configure:5102: $? = 0
configure:5109: gcc -v >&5
Using built-in specs.
COLLECT_GCC=gcc
COLLECT_LTO_WRAPPER=/usr/lib/gcc/x86_64-linux-gnu/9/lto-wrapper
OFFLOAD_TARGET_NAMES=nvptx-none:hsa
OFFLOAD_TARGET_DEFAULT=1
Target: x86_64-linux-gnu
Configured with: ../src/configure -v --with-pkgversion='Ubuntu 9.3.0-10ubuntu2' --with-bugurl=file:///usr/share/doc/gcc-9/README.Bugs --enable-languages=c,ada,c++,go,brig,d,fortran,objc,obj-c++,gm2 --prefix=/usr --with-gcc-major-version-only --program-suffix=-9 --program-prefix=x86_64-linux-gnu- --enable-shared --enable-linker-build-id --libexecdir=/usr/lib --without-included-gettext --enable-threads=posix --libdir=/usr/lib --enable-nls --enable-clocale=gnu --enable-libstdcxx-debug --enable-libstdcxx-time=yes --with-default-libstdcxx-abi=new --enable-gnu-unique-object --disable-vtable-verify --enable-plugin --enable-default-pie --with-system-zlib --with-target-system-zlib=auto --enable-objc-gc=auto --enable-multiarch --disable-werror --with-arch-32=i686 --with-abi=m64 --with-multilib-list=m32,m64,mx32 --enable-multilib --with-tune=generic --enable-offload-targets=nvptx-none,hsa --without-cuda-driver --enable-checking=release --build=x86_64-linux-gnu --host=x86_64-linux-gnu --target=x86_64-linux-gnu
Thread model: posix
gcc version 9.3.0 (Ubuntu 9.3.0-10ubuntu2) 
configure:5112: $? = 0
configure:5119: gcc -V >&5
gcc: error: unrecognized command line option '-V'
gcc: fatal error: no input files
compilation terminated.
configure:5122: $? = 1
configure:5125: checking whether we are using the GNU C compiler
configure:5194: result: yes
configure:5199: checking whether gcc accepts -g
configure:5385: result: yes
configure:5402: checking for gcc option to accept ISO C89
configure:5522: result: none needed
configure:5542: checking dependency style of gcc
configure:5632: result: gcc3
configure:5649: checking whether make sets $(MAKE)
configure:5670: result: yes
configure:5751: checking for a sed that does not truncate output
configure:5805: result: /usr/bin/sed
configure:5819: checking for ld used by gcc
configure:5886: result: /usr/bin/ld
configure:5895: checking if the linker (/usr/bin/ld) is GNU ld
configure:5910: result: yes
configure:5915: checking for /usr/bin/ld option to reload object files
configure:5922: result: -r
configure:5940: checking for BSD-compatible nm
configure:5989: result: /usr/bin/nm -B
configure:5993: checking whether ln -s works
configure:5997: result: yes
configure:6004: checking how to recognise dependent libraries
configure:6180: result: pass_all
configure:6267: gcc -c -g -O2  -D _GNU_SOURCE -I/usr/local/include conftest.c >&5
configure:6270: $? = 0
configure:6439: checking dlfcn.h usability
configure:6456: gcc -c -g -O2  -D _GNU_SOURCE -I/usr/local/include conftest.c >&5
configure:6462: $? = 0
configure:6469: test -z "$ac_c_werror_flag" || test ! -s conftest.err
configure:6472: $? = 0
configure:6479: test -s conftest.o
configure:6482: $? = 0
configure:6493: result: yes
configure:6497: checking dlfcn.h presence
configure:6512: gcc -E  -D _GNU_SOURCE -I/usr/local/include conftest.c
configure:6518: $? = 0
configure:6539: result: yes
configure:6572: checking for dlfcn.h
configure:6580: result: yes
configure:6651: checking for g++
configure:6667: found /usr/bin/g++
configure:6678: result: g++
configure:6709: checking for C++ compiler version
configure:6716: g++ --version >&5
g++ (Ubuntu 9.3.0-10ubuntu2) 9.3.0
Copyright (C) 2019 Free Software Foundation, Inc.
This is free software; see the source for copying conditions.  There is NO
warranty; not even for MERCHANTABILITY or FITNESS FOR A PARTICULAR PURPOSE.

configure:6719: $? = 0
configure:6726: g++ -v >&5
Using built-in specs.
COLLECT_GCC=g++
COLLECT_LTO_WRAPPER=/usr/lib/gcc/x86_64-linux-gnu/9/lto-wrapper
OFFLOAD_TARGET_NAMES=nvptx-none:hsa
OFFLOAD_TARGET_DEFAULT=1
Target: x86_64-linux-gnu
Configured with: ../src/configure -v --with-pkgversion='Ubuntu 9.3.0-10ubuntu2' --with-bugurl=file:///usr/share/doc/gcc-9/README.Bugs --enable-languages=c,ada,c++,go,brig,d,fortran,objc,obj-c++,gm2 --prefix=/usr --with-gcc-major-version-only --program-suffix=-9 --program-prefix=x86_64-linux-gnu- --enable-shared --enable-linker-build-id --libexecdir=/usr/lib --without-included-gettext --enable-threads=posix --libdir=/usr/lib --enable-nls --enable-clocale=gnu --enable-libstdcxx-debug --enable-libstdcxx-time=yes --with-default-libstdcxx-abi=new --enable-gnu-unique-object --disable-vtable-verify --enable-plugin --enable-default-pie --with-system-zlib --with-target-system-zlib=auto --enable-objc-gc=auto --enable-multiarch --disable-werror --with-arch-32=i686 --with-abi=m64 --with-multilib-list=m32,m64,mx32 --enable-multilib --with-tune=generic --enable-offload-targets=nvptx-none,hsa --without-cuda-driver --enable-checking=release --build=x86_64-linux-gnu --host=x86_64-linux-gnu --target=x86_64-linux-gnu
Thread model: posix
gcc version 9.3.0 (Ubuntu 9.3.0-10ubuntu2) 
configure:6729: $? = 0
configure:6736: g++ -V >&5
g++: error: unrecognized command line option '-V'
g++: fatal error: no input files
compilation terminated.
configure:6739: $? = 1
configure:6742: checking whether we are using the GNU C++ compiler
configure:6771: g++ -c   -D _GNU_SOURCE -I/usr/local/include conftest.cpp >&5
configure:6777: $? = 0
configure:6784: test -z "$ac_cxx_werror_flag" || test ! -s conftest.err
configure:6787: $? = 0
configure:6794: test -s conftest.o
configure:6797: $? = 0
configure:6811: result: yes
configure:6816: checking whether g++ accepts -g
configure:6846: g++ -c -g  -D _GNU_SOURCE -I/usr/local/include conftest.cpp >&5
configure:6852: $? = 0
configure:6859: test -z "$ac_cxx_werror_flag" || test ! -s conftest.err
configure:6862: $? = 0
configure:6869: test -s conftest.o
configure:6872: $? = 0
configure:7002: result: yes
configure:7027: checking dependency style of g++
configure:7117: result: gcc3
configure:7144: checking how to run the C++ preprocessor
configure:7180: g++ -E  -D _GNU_SOURCE -I/usr/local/include conftest.cpp
configure:7186: $? = 0
configure:7224: g++ -E  -D _GNU_SOURCE -I/usr/local/include conftest.cpp
conftest.cpp:21:10: fatal error: ac_nonexistent.h: No such file or directory
   21 | #include <ac_nonexistent.h>
      |          ^~~~~~~~~~~~~~~~~~
compilation terminated.
configure:7230: $? = 1
configure: failed program was:
| /* confdefs.h.  */
| #define PACKAGE_NAME "libemu"
| #define PACKAGE_TARNAME "libemu"
| #define PACKAGE_VERSION "0.1.0"
| #define PACKAGE_STRING "libemu 0.1.0"
| #define PACKAGE_BUGREPORT "nepenthesdev@gmail.com"
| #define PACKAGE "libemu"
| #define VERSION "0.1.0"
| #define STDC_HEADERS 1
| #define HAVE_SYS_TYPES_H 1
| #define HAVE_SYS_STAT_H 1
| #define HAVE_STDLIB_H 1
| #define HAVE_STRING_H 1
| #define HAVE_MEMORY_H 1
| #define HAVE_STRINGS_H 1
| #define HAVE_INTTYPES_H 1
| #define HAVE_STDINT_H 1
| #define HAVE_UNISTD_H 1
| #define HAVE_DLFCN_H 1
| /* end confdefs.h.  */
| #include <ac_nonexistent.h>
configure:7270: result: g++ -E
configure:7299: g++ -E  -D _GNU_SOURCE -I/usr/local/include conftest.cpp
configure:7305: $? = 0
configure:7343: g++ -E  -D _GNU_SOURCE -I/usr/local/include conftest.cpp
conftest.cpp:21:10: fatal error: ac_nonexistent.h: No such file or directory
   21 | #include <ac_nonexistent.h>
      |          ^~~~~~~~~~~~~~~~~~
compilation terminated.
configure:7349: $? = 1
configure: failed program was:
| /* confdefs.h.  */
| #define PACKAGE_NAME "libemu"
| #define PACKAGE_TARNAME "libemu"
| #define PACKAGE_VERSION "0.1.0"
| #define PACKAGE_STRING "libemu 0.1.0"
| #define PACKAGE_BUGREPORT "nepenthesdev@gmail.com"
| #define PACKAGE "libemu"
| #define VERSION "0.1.0"
| #define STDC_HEADERS 1
| #define HAVE_SYS_TYPES_H 1
| #define HAVE_SYS_STAT_H 1
| #define HAVE_STDLIB_H 1
| #define HAVE_STRING_H 1
| #define HAVE_MEMORY_H 1
| #define HAVE_STRINGS_H 1
| #define HAVE_INTTYPES_H 1
| #define HAVE_STDINT_H 1
| #define HAVE_UNISTD_H 1
| #define HAVE_DLFCN_H 1
| /* end confdefs.h.  */
| #include <ac_nonexistent.h>
configure:7449: checking for g77
configure:7479: result: no
configure:7449: checking for f77
configure:7479: result: no
configure:7449: checking for xlf
configure:7479: result: no
configure:7449: checking for frt
configure:7479: result: no
configure:7449: checking for pgf77
configure:7479: result: no
configure:7449: checking for cf77
configure:7479: result: no
configure:7449: checking for fort77
configure:7479: result: no
configure:7449: checking for fl32
configure:7479: result: no
configure:7449: checking for af77
configure:7479: result: no
configure:7449: checking for f90
configure:7479: result: no
configure:7449: checking for xlf90
configure:7479: result: no
configure:7449: checking for pgf90
configure:7479: result: no
configure:7449: checking for pghpf
configure:7479: result: no
configure:7449: checking for epcf90
configure:7479: result: no
configure:7449: checking for gfortran
configure:7479: result: no
configure:7449: checking for g95
configure:7479: result: no
configure:7449: checking for f95
configure:7479: result: no
configure:7449: checking for fort
configure:7479: result: no
configure:7449: checking for xlf95
configure:7479: result: no
configure:7449: checking for ifort
configure:7479: result: no
configure:7449: checking for ifc
configure:7479: result: no
configure:7449: checking for efc
configure:7479: result: no
configure:7449: checking for pgf95
configure:7479: result: no
configure:7449: checking for lf95
configure:7479: result: no
configure:7449: checking for ftn
configure:7479: result: no
configure:7506: checking for Fortran 77 compiler version
configure:7513:  --version >&5
./configure: line 7514: --version: command not found
configure:7516: $? = 127
configure:7523:  -v >&5
./configure: line 7524: -v: command not found
configure:7526: $? = 127
configure:7533:  -V >&5
./configure: line 7534: -V: command not found
configure:7536: $? = 127
configure:7544: checking whether we are using the GNU Fortran 77 compiler
configure:7563:  -c  conftest.F >&5
./configure: line 7564: -c: command not found
configure:7569: $? = 127
configure: failed program was:
|       program main
| #ifndef __GNUC__
|        choke me
| #endif
| 
|       end
configure:7603: result: no
configure:7609: checking whether  accepts -g
configure:7626:  -c -g conftest.f >&5
./configure: line 7627: -c: command not found
configure:7632: $? = 127
configure: failed program was:
|       program main
| 
|       end
configure:7665: result: no
configure:7695: checking the maximum length of command line arguments
configure:7804: result: 32768
configure:7815: checking command to parse /usr/bin/nm -B output from gcc object
configure:7920: gcc -c -g -O2  -D _GNU_SOURCE -I/usr/local/include conftest.c >&5
configure:7923: $? = 0
configure:7927: /usr/bin/nm -B conftest.o \| sed -n -e 's/^.*[ 	]\([ABCDGIRSTW][ABCDGIRSTW]*\)[ 	][ 	]*\([_A-Za-z][_A-Za-z0-9]*\)$/\1 \2 \2/p' \> conftest.nm
configure:7930: $? = 0
configure:7982: gcc -o conftest -g -O2  -D _GNU_SOURCE -I/usr/local/include  -L/usr/local/lib -R/usr/local/lib conftest.c conftstm.o >&5
gcc: error: unrecognized command line option '-R'
configure:7985: $? = 1
configure:7920: gcc -c -g -O2  -D _GNU_SOURCE -I/usr/local/include conftest.c >&5
configure:7923: $? = 0
configure:7927: /usr/bin/nm -B conftest.o \| sed -n -e 's/^.*[ 	]\([ABCDGIRSTW][ABCDGIRSTW]*\)[ 	][ 	]*_\([_A-Za-z][_A-Za-z0-9]*\)$/\1 _\2 \2/p' \> conftest.nm
configure:7930: $? = 0
cannot run sed -n -e 's/^.*[ 	]\([ABCDGIRSTW][ABCDGIRSTW]*\)[ 	][ 	]*_\([_A-Za-z][_A-Za-z0-9]*\)$/\1 _\2 \2/p'
configure:8020: result: failed
configure:8027: checking for objdir
configure:8042: result: .libs
configure:8134: checking for ar
configure:8150: found /usr/bin/ar
configure:8161: result: ar
configure:8230: checking for ranlib
configure:8246: found /usr/bin/ranlib
configure:8257: result: ranlib
configure:8326: checking for strip
configure:8342: found /usr/bin/strip
configure:8353: result: strip
configure:8639: checking if gcc supports -fno-rtti -fno-exceptions
configure:8662: gcc -c -g -O2  -D _GNU_SOURCE -I/usr/local/include -fno-rtti -fno-exceptions conftest.c >&5
cc1: warning: command line option '-fno-rtti' is valid for C++/D/ObjC++ but not for C
configure:8666: $? = 0
configure:8674: result: no
configure:8664: checking for gcc option to produce PIC
configure:8874: result: -fPIC
configure:8882: checking if gcc PIC flag -fPIC works
configure:8930: gcc -c -g -O2  -D _GNU_SOURCE -I/usr/local/include -fPIC -DPIC conftest.c >&5
configure:8934: $? = 0
configure:8917: result: yes
configure:8916: checking if gcc static flag -static works
configure:8944: result: no
configure:8954: checking if gcc supports -c -o file.o
configure:9034: gcc -c -g -O2  -D _GNU_SOURCE -I/usr/local/include -o out/conftest2.o conftest.c >&5
configure:9038: $? = 0
configure:8977: result: yes
configure:9003: checking whether the gcc linker (/usr/bin/ld -m elf_x86_64) supports shared libraries
configure:9990: result: yes
configure:10011: checking whether -lc should be explicitly linked in
configure:10016: gcc -c -g -O2  -D _GNU_SOURCE -I/usr/local/include conftest.c >&5
configure:10019: $? = 0
configure:10034: gcc -shared conftest.o  -v -Wl,-soname -Wl,conftest -o conftest 2\>\&1 \| grep  -lc  \>/dev/null 2\>\&1
configure:10037: $? = 0
configure:10049: result: no
configure:10057: checking dynamic linker characteristics
configure:10633: result: GNU/Linux ld.so
configure:10642: checking how to hardcode library paths into programs
configure:10667: result: immediate
configure:10681: checking whether stripping libraries is possible
configure:10686: result: yes
configure:11599: checking if libtool supports shared libraries
configure:11601: result: yes
configure:11604: checking whether to build shared libraries
configure:11625: result: yes
configure:11628: checking whether to build static libraries
configure:11632: result: yes
configure:11724: creating libtool
configure:12312: checking for ld used by g++
configure:12379: result: /usr/bin/ld -m elf_x86_64
configure:12388: checking if the linker (/usr/bin/ld -m elf_x86_64) is GNU ld
configure:12403: result: yes
configure:12454: checking whether the g++ linker (/usr/bin/ld -m elf_x86_64) supports shared libraries
configure:13420: result: yes
configure:13438: g++ -c -g -O2  -D _GNU_SOURCE -I/usr/local/include conftest.cpp >&5
configure:13441: $? = 0
configure:13560: checking for g++ option to produce PIC
configure:13834: result: -fPIC
configure:13842: checking if g++ PIC flag -fPIC works
configure:13943: g++ -c -g -O2  -D _GNU_SOURCE -I/usr/local/include -fPIC -DPIC conftest.cpp >&5
configure:13947: $? = 0
configure:13877: result: yes
configure:13905: checking if g++ static flag -static works
configure:13933: result: no
configure:13943: checking if g++ supports -c -o file.o
configure:14047: g++ -c -g -O2  -D _GNU_SOURCE -I/usr/local/include -o out/conftest2.o conftest.cpp >&5
configure:14051: $? = 0
configure:13990: result: yes
configure:14016: checking whether the g++ linker (/usr/bin/ld -m elf_x86_64) supports shared libraries
configure:14044: result: yes
configure:14111: checking dynamic linker characteristics
configure:14687: result: GNU/Linux ld.so
configure:14696: checking how to hardcode library paths into programs
configure:14721: result: immediate
configure:20913: checking for stdint.h
configure:20919: result: yes
configure:20913: checking for stdlib.h
configure:20919: result: yes
configure:20913: checking for string.h
configure:20919: result: yes
configure:20913: checking for strings.h
configure:20919: result: yes
configure:20913: checking for unistd.h
configure:20919: result: yes
configure:21082: checking for getopt
configure:21138: gcc -o conftest -g -O2  -D _GNU_SOURCE -I/usr/local/include  -L/usr/local/lib -R/usr/local/lib conftest.c  >&5
gcc: error: unrecognized command line option '-R'
configure:21144: $? = 1
configure: failed program was:
| /* confdefs.h.  */
| #define PACKAGE_NAME "libemu"
| #define PACKAGE_TARNAME "libemu"
| #define PACKAGE_VERSION "0.1.0"
| #define PACKAGE_STRING "libemu 0.1.0"
| #define PACKAGE_BUGREPORT "nepenthesdev@gmail.com"
| #define PACKAGE "libemu"
| #define VERSION "0.1.0"
| #define STDC_HEADERS 1
| #define HAVE_SYS_TYPES_H 1
| #define HAVE_SYS_STAT_H 1
| #define HAVE_STDLIB_H 1
| #define HAVE_STRING_H 1
| #define HAVE_MEMORY_H 1
| #define HAVE_STRINGS_H 1
| #define HAVE_INTTYPES_H 1
| #define HAVE_STDINT_H 1
| #define HAVE_UNISTD_H 1
| #define HAVE_DLFCN_H 1
| #define HAVE_STDINT_H 1
| #define HAVE_STDLIB_H 1
| #define HAVE_STRING_H 1
| #define HAVE_STRINGS_H 1
| #define HAVE_UNISTD_H 1
| /* end confdefs.h.  */
| /* Define getopt to an innocuous variant, in case <limits.h> declares getopt.
|    For example, HP-UX 11i <limits.h> declares gettimeofday.  */
| #define getopt innocuous_getopt
| 
| /* System header to define __stub macros and hopefully few prototypes,
|     which can conflict with char getopt (); below.
|     Prefer <limits.h> to <assert.h> if __STDC__ is defined, since
|     <limits.h> exists even on freestanding compilers.  */
| 
| #ifdef __STDC__
| # include <limits.h>
| #else
| # include <assert.h>
| #endif
| 
| #undef getopt
| 
| /* Override any GCC internal prototype to avoid an error.
|    Use char because int might match the return type of a GCC
|    builtin and then its argument prototype would still apply.  */
| #ifdef __cplusplus
| extern "C"
| #endif
| char getopt ();
| /* The GNU C library defines this for functions which it implements
|     to always fail with ENOSYS.  Some functions are actually named
|     something starting with __ and the normal name is an alias.  */
| #if defined __stub_getopt || defined __stub___getopt
| choke me
| #endif
| 
| int
| main ()
| {
| return getopt ();
|   ;
|   return 0;
| }
configure:21178: result: no
configure:21188: checking whether getopt is declared
configure:21218: gcc -c -g -O2  -D _GNU_SOURCE -I/usr/local/include conftest.c >&5
configure:21224: $? = 0
configure:21231: test -z "$ac_c_werror_flag" || test ! -s conftest.err
configure:21234: $? = 0
configure:21241: test -s conftest.o
configure:21244: $? = 0
configure:21256: result: yes
configure:21272: checking whether getsubopt is declared
configure:21302: gcc -c -g -O2  -D _GNU_SOURCE -I/usr/local/include conftest.c >&5
configure:21308: $? = 0
configure:21315: test -z "$ac_c_werror_flag" || test ! -s conftest.err
configure:21318: $? = 0
configure:21325: test -s conftest.o
configure:21328: $? = 0
configure:21340: result: yes
configure:21356: checking whether getopt_long is declared
configure:21386: gcc -c -g -O2  -D _GNU_SOURCE -I/usr/local/include conftest.c >&5
conftest.c: In function 'main':
conftest.c:65:22: error: 'getopt_long' undeclared (first use in this function)
   65 |   char *p = (char *) getopt_long;
      |                      ^~~~~~~~~~~
conftest.c:65:22: note: each undeclared identifier is reported only once for each function it appears in
configure:21392: $? = 1
configure: failed program was:
| /* confdefs.h.  */
| #define PACKAGE_NAME "libemu"
| #define PACKAGE_TARNAME "libemu"
| #define PACKAGE_VERSION "0.1.0"
| #define PACKAGE_STRING "libemu 0.1.0"
| #define PACKAGE_BUGREPORT "nepenthesdev@gmail.com"
| #define PACKAGE "libemu"
| #define VERSION "0.1.0"
| #define STDC_HEADERS 1
| #define HAVE_SYS_TYPES_H 1
| #define HAVE_SYS_STAT_H 1
| #define HAVE_STDLIB_H 1
| #define HAVE_STRING_H 1
| #define HAVE_MEMORY_H 1
| #define HAVE_STRINGS_H 1
| #define HAVE_INTTYPES_H 1
| #define HAVE_STDINT_H 1
| #define HAVE_UNISTD_H 1
| #define HAVE_DLFCN_H 1
| #define HAVE_STDINT_H 1
| #define HAVE_STDLIB_H 1
| #define HAVE_STRING_H 1
| #define HAVE_STRINGS_H 1
| #define HAVE_UNISTD_H 1
| #define HAVE_DECL_GETOPT 1
| #define HAVE_DECL_GETSUBOPT 1
| /* end confdefs.h.  */
| #include <stdio.h>
| #if HAVE_SYS_TYPES_H
| # include <sys/types.h>
| #endif
| #if HAVE_SYS_STAT_H
| # include <sys/stat.h>
| #endif
| #if STDC_HEADERS
| # include <stdlib.h>
| # include <stddef.h>
| #else
| # if HAVE_STDLIB_H
| #  include <stdlib.h>
| # endif
| #endif
| #if HAVE_STRING_H
| # if !STDC_HEADERS && HAVE_MEMORY_H
| #  include <memory.h>
| # endif
| # include <string.h>
| #endif
| #if HAVE_STRINGS_H
| # include <strings.h>
| #endif
| #if HAVE_INTTYPES_H
| # include <inttypes.h>
| #endif
| #if HAVE_STDINT_H
| # include <stdint.h>
| #endif
| #if HAVE_UNISTD_H
| # include <unistd.h>
| #endif
| int
| main ()
| {
| #ifndef getopt_long
|   char *p = (char *) getopt_long;
|   return !p;
| #endif
| 
|   ;
|   return 0;
| }
configure:21424: result: no
configure:21440: checking whether setenv is declared
configure:21470: gcc -c -g -O2  -D _GNU_SOURCE -I/usr/local/include conftest.c >&5
configure:21476: $? = 0
configure:21483: test -z "$ac_c_werror_flag" || test ! -s conftest.err
configure:21486: $? = 0
configure:21493: test -s conftest.o
configure:21496: $? = 0
configure:21508: result: yes
configure:21524: checking whether putenv is declared
configure:21554: gcc -c -g -O2  -D _GNU_SOURCE -I/usr/local/include conftest.c >&5
configure:21560: $? = 0
configure:21567: test -z "$ac_c_werror_flag" || test ! -s conftest.err
configure:21570: $? = 0
configure:21577: test -s conftest.o
configure:21580: $? = 0
configure:21592: result: yes
configure:21615: checking for getopt_long
configure:21671: gcc -o conftest -g -O2  -D _GNU_SOURCE -I/usr/local/include  -L/usr/local/lib -R/usr/local/lib conftest.c  >&5
gcc: error: unrecognized command line option '-R'
configure:21677: $? = 1
configure: failed program was:
| /* confdefs.h.  */
| #define PACKAGE_NAME "libemu"
| #define PACKAGE_TARNAME "libemu"
| #define PACKAGE_VERSION "0.1.0"
| #define PACKAGE_STRING "libemu 0.1.0"
| #define PACKAGE_BUGREPORT "nepenthesdev@gmail.com"
| #define PACKAGE "libemu"
| #define VERSION "0.1.0"
| #define STDC_HEADERS 1
| #define HAVE_SYS_TYPES_H 1
| #define HAVE_SYS_STAT_H 1
| #define HAVE_STDLIB_H 1
| #define HAVE_STRING_H 1
| #define HAVE_MEMORY_H 1
| #define HAVE_STRINGS_H 1
| #define HAVE_INTTYPES_H 1
| #define HAVE_STDINT_H 1
| #define HAVE_UNISTD_H 1
| #define HAVE_DLFCN_H 1
| #define HAVE_STDINT_H 1
| #define HAVE_STDLIB_H 1
| #define HAVE_STRING_H 1
| #define HAVE_STRINGS_H 1
| #define HAVE_UNISTD_H 1
| #define HAVE_DECL_GETOPT 1
| #define HAVE_DECL_GETSUBOPT 1
| #define HAVE_DECL_GETOPT_LONG 0
| #define HAVE_DECL_SETENV 1
| #define HAVE_DECL_PUTENV 1
| /* end confdefs.h.  */
| /* Define getopt_long to an innocuous variant, in case <limits.h> declares getopt_long.
|    For example, HP-UX 11i <limits.h> declares gettimeofday.  */
| #define getopt_long innocuous_getopt_long
| 
| /* System header to define __stub macros and hopefully few prototypes,
|     which can conflict with char getopt_long (); below.
|     Prefer <limits.h> to <assert.h> if __STDC__ is defined, since
|     <limits.h> exists even on freestanding compilers.  */
| 
| #ifdef __STDC__
| # include <limits.h>
| #else
| # include <assert.h>
| #endif
| 
| #undef getopt_long
| 
| /* Override any GCC internal prototype to avoid an error.
|    Use char because int might match the return type of a GCC
|    builtin and then its argument prototype would still apply.  */
| #ifdef __cplusplus
| extern "C"
| #endif
| char getopt_long ();
| /* The GNU C library defines this for functions which it implements
|     to always fail with ENOSYS.  Some functions are actually named
|     something starting with __ and the normal name is an alias.  */
| #if defined __stub_getopt_long || defined __stub___getopt_long
| choke me
| #endif
| 
| int
| main ()
| {
| return getopt_long ();
|   ;
|   return 0;
| }
configure:21711: result: no
configure:21615: checking for getsubopt
configure:21671: gcc -o conftest -g -O2  -D _GNU_SOURCE -I/usr/local/include  -L/usr/local/lib -R/usr/local/lib conftest.c  >&5
gcc: error: unrecognized command line option '-R'
configure:21677: $? = 1
configure: failed program was:
| /* confdefs.h.  */
| #define PACKAGE_NAME "libemu"
| #define PACKAGE_TARNAME "libemu"
| #define PACKAGE_VERSION "0.1.0"
| #define PACKAGE_STRING "libemu 0.1.0"
| #define PACKAGE_BUGREPORT "nepenthesdev@gmail.com"
| #define PACKAGE "libemu"
| #define VERSION "0.1.0"
| #define STDC_HEADERS 1
| #define HAVE_SYS_TYPES_H 1
| #define HAVE_SYS_STAT_H 1
| #define HAVE_STDLIB_H 1
| #define HAVE_STRING_H 1
| #define HAVE_MEMORY_H 1
| #define HAVE_STRINGS_H 1
| #define HAVE_INTTYPES_H 1
| #define HAVE_STDINT_H 1
| #define HAVE_UNISTD_H 1
| #define HAVE_DLFCN_H 1
| #define HAVE_STDINT_H 1
| #define HAVE_STDLIB_H 1
| #define HAVE_STRING_H 1
| #define HAVE_STRINGS_H 1
| #define HAVE_UNISTD_H 1
| #define HAVE_DECL_GETOPT 1
| #define HAVE_DECL_GETSUBOPT 1
| #define HAVE_DECL_GETOPT_LONG 0
| #define HAVE_DECL_SETENV 1
| #define HAVE_DECL_PUTENV 1
| /* end confdefs.h.  */
| /* Define getsubopt to an innocuous variant, in case <limits.h> declares getsubopt.
|    For example, HP-UX 11i <limits.h> declares gettimeofday.  */
| #define getsubopt innocuous_getsubopt
| 
| /* System header to define __stub macros and hopefully few prototypes,
|     which can conflict with char getsubopt (); below.
|     Prefer <limits.h> to <assert.h> if __STDC__ is defined, since
|     <limits.h> exists even on freestanding compilers.  */
| 
| #ifdef __STDC__
| # include <limits.h>
| #else
| # include <assert.h>
| #endif
| 
| #undef getsubopt
| 
| /* Override any GCC internal prototype to avoid an error.
|    Use char because int might match the return type of a GCC
|    builtin and then its argument prototype would still apply.  */
| #ifdef __cplusplus
| extern "C"
| #endif
| char getsubopt ();
| /* The GNU C library defines this for functions which it implements
|     to always fail with ENOSYS.  Some functions are actually named
|     something starting with __ and the normal name is an alias.  */
| #if defined __stub_getsubopt || defined __stub___getsubopt
| choke me
| #endif
| 
| int
| main ()
| {
| return getsubopt ();
|   ;
|   return 0;
| }
configure:21711: result: no
configure:21734: checking for __strchrnul
configure:21790: gcc -o conftest -g -O2  -D _GNU_SOURCE -I/usr/local/include  -L/usr/local/lib -R/usr/local/lib conftest.c  >&5
gcc: error: unrecognized command line option '-R'
configure:21796: $? = 1
configure: failed program was:
| /* confdefs.h.  */
| #define PACKAGE_NAME "libemu"
| #define PACKAGE_TARNAME "libemu"
| #define PACKAGE_VERSION "0.1.0"
| #define PACKAGE_STRING "libemu 0.1.0"
| #define PACKAGE_BUGREPORT "nepenthesdev@gmail.com"
| #define PACKAGE "libemu"
| #define VERSION "0.1.0"
| #define STDC_HEADERS 1
| #define HAVE_SYS_TYPES_H 1
| #define HAVE_SYS_STAT_H 1
| #define HAVE_STDLIB_H 1
| #define HAVE_STRING_H 1
| #define HAVE_MEMORY_H 1
| #define HAVE_STRINGS_H 1
| #define HAVE_INTTYPES_H 1
| #define HAVE_STDINT_H 1
| #define HAVE_UNISTD_H 1
| #define HAVE_DLFCN_H 1
| #define HAVE_STDINT_H 1
| #define HAVE_STDLIB_H 1
| #define HAVE_STRING_H 1
| #define HAVE_STRINGS_H 1
| #define HAVE_UNISTD_H 1
| #define HAVE_DECL_GETOPT 1
| #define HAVE_DECL_GETSUBOPT 1
| #define HAVE_DECL_GETOPT_LONG 0
| #define HAVE_DECL_SETENV 1
| #define HAVE_DECL_PUTENV 1
| /* end confdefs.h.  */
| /* Define __strchrnul to an innocuous variant, in case <limits.h> declares __strchrnul.
|    For example, HP-UX 11i <limits.h> declares gettimeofday.  */
| #define __strchrnul innocuous___strchrnul
| 
| /* System header to define __stub macros and hopefully few prototypes,
|     which can conflict with char __strchrnul (); below.
|     Prefer <limits.h> to <assert.h> if __STDC__ is defined, since
|     <limits.h> exists even on freestanding compilers.  */
| 
| #ifdef __STDC__
| # include <limits.h>
| #else
| # include <assert.h>
| #endif
| 
| #undef __strchrnul
| 
| /* Override any GCC internal prototype to avoid an error.
|    Use char because int might match the return type of a GCC
|    builtin and then its argument prototype would still apply.  */
| #ifdef __cplusplus
| extern "C"
| #endif
| char __strchrnul ();
| /* The GNU C library defines this for functions which it implements
|     to always fail with ENOSYS.  Some functions are actually named
|     something starting with __ and the normal name is an alias.  */
| #if defined __stub___strchrnul || defined __stub_____strchrnul
| choke me
| #endif
| 
| int
| main ()
| {
| return __strchrnul ();
|   ;
|   return 0;
| }
configure:21830: result: no
configure:21843: checking for inline
configure:21869: gcc -c -g -O2  -D _GNU_SOURCE -I/usr/local/include conftest.c >&5
configure:21875: $? = 0
configure:21882: test -z "$ac_c_werror_flag" || test ! -s conftest.err
configure:21885: $? = 0
configure:21892: test -s conftest.o
configure:21895: $? = 0
configure:21910: result: inline
configure:21929: checking for uid_t in sys/types.h
configure:21952: result: yes
configure:21967: checking whether struct tm is in sys/time.h or time.h
configure:21995: gcc -c -g -O2  -D _GNU_SOURCE -I/usr/local/include conftest.c >&5
configure:22001: $? = 0
configure:22008: test -z "$ac_c_werror_flag" || test ! -s conftest.err
configure:22011: $? = 0
configure:22018: test -s conftest.o
configure:22021: $? = 0
configure:22033: result: time.h
configure:22043: checking for size_t
configure:22073: gcc -c -g -O2  -D _GNU_SOURCE -I/usr/local/include conftest.c >&5
configure:22079: $? = 0
configure:22086: test -z "$ac_c_werror_flag" || test ! -s conftest.err
configure:22089: $? = 0
configure:22096: test -s conftest.o
configure:22099: $? = 0
configure:22111: result: yes
configure:22123: checking return type of signal handlers
configure:22151: gcc -c -g -O2  -D _GNU_SOURCE -I/usr/local/include conftest.c >&5
conftest.c: In function 'main':
conftest.c:37:10: error: void value not ignored as it ought to be
   37 | return *(signal (0, 0)) (0) == 1;
      |         ~^~~~~~~~~~~~~~~~~~
configure:22157: $? = 1
configure: failed program was:
| /* confdefs.h.  */
| #define PACKAGE_NAME "libemu"
| #define PACKAGE_TARNAME "libemu"
| #define PACKAGE_VERSION "0.1.0"
| #define PACKAGE_STRING "libemu 0.1.0"
| #define PACKAGE_BUGREPORT "nepenthesdev@gmail.com"
| #define PACKAGE "libemu"
| #define VERSION "0.1.0"
| #define STDC_HEADERS 1
| #define HAVE_SYS_TYPES_H 1
| #define HAVE_SYS_STAT_H 1
| #define HAVE_STDLIB_H 1
| #define HAVE_STRING_H 1
| #define HAVE_MEMORY_H 1
| #define HAVE_STRINGS_H 1
| #define HAVE_INTTYPES_H 1
| #define HAVE_STDINT_H 1
| #define HAVE_UNISTD_H 1
| #define HAVE_DLFCN_H 1
| #define HAVE_STDINT_H 1
| #define HAVE_STDLIB_H 1
| #define HAVE_STRING_H 1
| #define HAVE_STRINGS_H 1
| #define HAVE_UNISTD_H 1
| #define HAVE_DECL_GETOPT 1
| #define HAVE_DECL_GETSUBOPT 1
| #define HAVE_DECL_GETOPT_LONG 0
| #define HAVE_DECL_SETENV 1
| #define HAVE_DECL_PUTENV 1
| /* end confdefs.h.  */
| #include <sys/types.h>
| #include <signal.h>
| 
| int
| main ()
| {
| return *(signal (0, 0)) (0) == 1;
|   ;
|   return 0;
| }
configure:22189: result: void
configure:22199: checking for long
configure:22229: gcc -c -g -O2  -D _GNU_SOURCE -I/usr/local/include conftest.c >&5
configure:22235: $? = 0
configure:22242: test -z "$ac_c_werror_flag" || test ! -s conftest.err
configure:22245: $? = 0
configure:22252: test -s conftest.o
configure:22255: $? = 0
configure:22267: result: yes
configure:22270: checking size of long
configure:22658: gcc -o conftest -g -O2  -D _GNU_SOURCE -I/usr/local/include  -L/usr/local/lib -R/usr/local/lib conftest.c  >&5
gcc: error: unrecognized command line option '-R'
configure:22661: $? = 1
configure: program exited with status 1
configure: failed program was:
| /* confdefs.h.  */
| #define PACKAGE_NAME "libemu"
| #define PACKAGE_TARNAME "libemu"
| #define PACKAGE_VERSION "0.1.0"
| #define PACKAGE_STRING "libemu 0.1.0"
| #define PACKAGE_BUGREPORT "nepenthesdev@gmail.com"
| #define PACKAGE "libemu"
| #define VERSION "0.1.0"
| #define STDC_HEADERS 1
| #define HAVE_SYS_TYPES_H 1
| #define HAVE_SYS_STAT_H 1
| #define HAVE_STDLIB_H 1
| #define HAVE_STRING_H 1
| #define HAVE_MEMORY_H 1
| #define HAVE_STRINGS_H 1
| #define HAVE_INTTYPES_H 1
| #define HAVE_STDINT_H 1
| #define HAVE_UNISTD_H 1
| #define HAVE_DLFCN_H 1
| #define HAVE_STDINT_H 1
| #define HAVE_STDLIB_H 1
| #define HAVE_STRING_H 1
| #define HAVE_STRINGS_H 1
| #define HAVE_UNISTD_H 1
| #define HAVE_DECL_GETOPT 1
| #define HAVE_DECL_GETSUBOPT 1
| #define HAVE_DECL_GETOPT_LONG 0
| #define HAVE_DECL_SETENV 1
| #define HAVE_DECL_PUTENV 1
| #define RETSIGTYPE void
| /* end confdefs.h.  */
| #include <stdio.h>
| #if HAVE_SYS_TYPES_H
| # include <sys/types.h>
| #endif
| #if HAVE_SYS_STAT_H
| # include <sys/stat.h>
| #endif
| #if STDC_HEADERS
| # include <stdlib.h>
| # include <stddef.h>
| #else
| # if HAVE_STDLIB_H
| #  include <stdlib.h>
| # endif
| #endif
| #if HAVE_STRING_H
| # if !STDC_HEADERS && HAVE_MEMORY_H
| #  include <memory.h>
| # endif
| # include <string.h>
| #endif
| #if HAVE_STRINGS_H
| # include <strings.h>
| #endif
| #if HAVE_INTTYPES_H
| # include <inttypes.h>
| #endif
| #if HAVE_STDINT_H
| # include <stdint.h>
| #endif
| #if HAVE_UNISTD_H
| # include <unistd.h>
| #endif
| 		   typedef long ac__type_sizeof_;
| static long int longval () { return (long int) (sizeof (ac__type_sizeof_)); }
| static unsigned long int ulongval () { return (long int) (sizeof (ac__type_sizeof_)); }
| #include <stdio.h>
| #include <stdlib.h>
| int
| main ()
| {
| 
|   FILE *f = fopen ("conftest.val", "w");
|   if (! f)
|     return 1;
|   if (((long int) (sizeof (ac__type_sizeof_))) < 0)
|     {
|       long int i = longval ();
|       if (i != ((long int) (sizeof (ac__type_sizeof_))))
| 	return 1;
|       fprintf (f, "%ld\n", i);
|     }
|   else
|     {
|       unsigned long int i = ulongval ();
|       if (i != ((long int) (sizeof (ac__type_sizeof_))))
| 	return 1;
|       fprintf (f, "%lu\n", i);
|     }
|   return ferror (f) || fclose (f) != 0;
| 
|   ;
|   return 0;
| }
configure:22680: error: cannot compute sizeof (long)
See `config.log' for more details.

## ---------------- ##
## Cache variables. ##
## ---------------- ##

ac_cv_build=x86_64-unknown-linux-gnu
ac_cv_c_bigendian=no
ac_cv_c_compiler_gnu=yes
ac_cv_c_const=yes
ac_cv_c_inline=inline
ac_cv_cxx_compiler_gnu=yes
ac_cv_env_CCC_set=
ac_cv_env_CCC_value=
ac_cv_env_CC_set=
ac_cv_env_CC_value=
ac_cv_env_CFLAGS_set=
ac_cv_env_CFLAGS_value=
ac_cv_env_CPPFLAGS_set=
ac_cv_env_CPPFLAGS_value=
ac_cv_env_CPP_set=
ac_cv_env_CPP_value=
ac_cv_env_CXXCPP_set=
ac_cv_env_CXXCPP_value=
ac_cv_env_CXXFLAGS_set=
ac_cv_env_CXXFLAGS_value=
ac_cv_env_CXX_set=
ac_cv_env_CXX_value=
ac_cv_env_F77_set=
ac_cv_env_F77_value=
ac_cv_env_FFLAGS_set=
ac_cv_env_FFLAGS_value=
ac_cv_env_LDFLAGS_set=
ac_cv_env_LDFLAGS_value=
ac_cv_env_build_alias_set=
ac_cv_env_build_alias_value=
ac_cv_env_host_alias_set=
ac_cv_env_host_alias_value=
ac_cv_env_target_alias_set=
ac_cv_env_target_alias_value=
ac_cv_f77_compiler_gnu=no
ac_cv_func___strchrnul=no
ac_cv_func_getopt=no
ac_cv_func_getopt_long=no
ac_cv_func_getsubopt=no
ac_cv_have_decl_getopt=yes
ac_cv_have_decl_getopt_long=no
ac_cv_have_decl_getsubopt=yes
ac_cv_have_decl_putenv=yes
ac_cv_have_decl_setenv=yes
ac_cv_header_dlfcn_h=yes
ac_cv_header_inttypes_h=yes
ac_cv_header_memory_h=yes
ac_cv_header_stdc=yes
ac_cv_header_stdint_h=yes
ac_cv_header_stdlib_h=yes
ac_cv_header_string_h=yes
ac_cv_header_strings_h=yes
ac_cv_header_sys_stat_h=yes
ac_cv_header_sys_types_h=yes
ac_cv_header_unistd_h=yes
ac_cv_host=x86_64-unknown-linux-gnu
ac_cv_objext=o
ac_cv_path_EGREP='/usr/bin/grep -E'
ac_cv_path_GREP=/usr/bin/grep
ac_cv_path_install='/usr/bin/install -c'
ac_cv_prog_AWK=mawk
ac_cv_prog_CPP='gcc -E'
ac_cv_prog_CXXCPP='g++ -E'
ac_cv_prog_ac_ct_AR=ar
ac_cv_prog_ac_ct_CC=gcc
ac_cv_prog_ac_ct_CXX=g++
ac_cv_prog_ac_ct_RANLIB=ranlib
ac_cv_prog_ac_ct_STRIP=strip
ac_cv_prog_cc_c89=
ac_cv_prog_cc_g=yes
ac_cv_prog_cxx_g=yes
ac_cv_prog_f77_g=no
ac_cv_prog_make_make_set=yes
ac_cv_struct_tm=time.h
ac_cv_type_long=yes
ac_cv_type_signal=void
ac_cv_type_size_t=yes
ac_cv_type_uid_t=yes
am_cv_CC_dependencies_compiler_type=gcc3
am_cv_CXX_dependencies_compiler_type=gcc3
lt_cv_deplibs_check_method=pass_all
lt_cv_file_magic_cmd='$MAGIC_CMD'
lt_cv_file_magic_test_file=
lt_cv_ld_reload_flag=-r
lt_cv_objdir=.libs
lt_cv_path_LD=/usr/bin/ld
lt_cv_path_LDCXX='/usr/bin/ld -m elf_x86_64'
lt_cv_path_NM='/usr/bin/nm -B'
lt_cv_path_SED=/usr/bin/sed
lt_cv_prog_compiler_c_o=yes
lt_cv_prog_compiler_c_o_CXX=yes
lt_cv_prog_compiler_rtti_exceptions=no
lt_cv_prog_gnu_ld=yes
lt_cv_prog_gnu_ldcxx=yes
lt_cv_sys_global_symbol_pipe=
lt_cv_sys_global_symbol_to_c_name_address='sed -n -e '\''s/^: \([^ ]*\) $/  {\"\1\", (lt_ptr) 0},/p'\'' -e '\''s/^[BCDEGRST] \([^ ]*\) \([^ ]*\)$/  {"\2", (lt_ptr) \&\2},/p'\'''
lt_cv_sys_global_symbol_to_cdecl=
lt_cv_sys_max_cmd_len=32768
lt_lt_cv_prog_compiler_c_o='"yes"'
lt_lt_cv_prog_compiler_c_o_CXX='"yes"'
lt_lt_cv_sys_global_symbol_pipe='""'
lt_lt_cv_sys_global_symbol_to_c_name_address='"sed -n -e '\''s/^: \\([^ ]*\\) \$/  {\\\"\\1\\\", (lt_ptr) 0},/p'\'' -e '\''s/^[BCDEGRST] \\([^ ]*\\) \\([^ ]*\\)\$/  {\"\\2\", (lt_ptr) \\&\\2},/p'\''"'
lt_lt_cv_sys_global_symbol_to_cdecl='""'

## ----------------- ##
## Output variables. ##
## ----------------- ##

ACLOCAL='${SHELL} /home/johnguy/Downloads/libemu-0.1.0/missing --run aclocal-1.9'
AMDEPBACKSLASH='\'
AMDEP_FALSE='#'
AMDEP_TRUE=''
AMTAR='${SHELL} /home/johnguy/Downloads/libemu-0.1.0/missing --run tar'
AR='ar'
AUTOCONF='${SHELL} /home/johnguy/Downloads/libemu-0.1.0/missing --run autoconf'
AUTOHEADER='${SHELL} /home/johnguy/Downloads/libemu-0.1.0/missing --run autoheader'
AUTOMAKE='${SHELL} /home/johnguy/Downloads/libemu-0.1.0/missing --run automake-1.9'
AWK='mawk'
CC='gcc'
CCDEPMODE='depmode=gcc3'
CFLAGS='-g -O2'
CPP='gcc -E'
CPPFLAGS=' -D _GNU_SOURCE -I/usr/local/include'
CXX='g++'
CXXCPP='g++ -E'
CXXDEPMODE='depmode=gcc3'
CXXFLAGS='-g -O2'
CYGPATH_W='echo'
DATADIR=''
DATAROOTDIR=''
DEFS=''
DEPDIR='.deps'
ECHO='echo'
ECHO_C=''
ECHO_N='-n'
ECHO_T=''
EGREP='/usr/bin/grep -E'
EXEEXT=''
F77=''
FFLAGS=''
GREP='/usr/bin/grep'
INSTALL_DATA='${INSTALL} -m 644'
INSTALL_PROGRAM='${INSTALL}'
INSTALL_SCRIPT='${INSTALL}'
INSTALL_STRIP_PROGRAM='${SHELL} $(install_sh) -c -s'
LDFLAGS=' -L/usr/local/lib -R/usr/local/lib'
LIBDIR=''
LIBOBJS=' getopt_long.o getsubopt.o'
LIBS=''
LIBTOOL='$(SHELL) $(top_builddir)/libtool'
LN_S='ln -s'
LOCALESTATEDIR=''
LTLIBOBJS=''
MAKEINFO='${SHELL} /home/johnguy/Downloads/libemu-0.1.0/missing --run makeinfo'
OBJEXT='o'
PACKAGE='libemu'
PACKAGE_BUGREPORT='nepenthesdev@gmail.com'
PACKAGE_NAME='libemu'
PACKAGE_STRING='libemu 0.1.0'
PACKAGE_TARNAME='libemu'
PACKAGE_VERSION='0.1.0'
PATH_SEPARATOR=':'
PREFIX=''
RANLIB='ranlib'
SET_MAKE=''
SHELL='/bin/bash'
STRIP='strip'
SYSCONFDIR=''
VERSION='0.1.0'
ac_ct_CC='gcc'
ac_ct_CXX='g++'
ac_ct_F77=''
am__fastdepCC_FALSE='#'
am__fastdepCC_TRUE=''
am__fastdepCXX_FALSE='#'
am__fastdepCXX_TRUE=''
am__include='include'
am__leading_dot='.'
am__quote=''
am__tar='${AMTAR} chof - "$$tardir"'
am__untar='${AMTAR} xf -'
bindir='${exec_prefix}/bin'
build='x86_64-unknown-linux-gnu'
build_alias=''
build_cpu='x86_64'
build_os='linux-gnu'
build_vendor='unknown'
datadir='${datarootdir}'
datarootdir='${prefix}/share'
docdir='${datarootdir}/doc/${PACKAGE_TARNAME}'
dvidir='${docdir}'
emu_data_dir=''
exec_prefix='NONE'
host='x86_64-unknown-linux-gnu'
host_alias=''
host_cpu='x86_64'
host_os='linux-gnu'
host_vendor='unknown'
htmldir='${docdir}'
includedir='${prefix}/include'
infodir='${datarootdir}/info'
install_sh='/home/johnguy/Downloads/libemu-0.1.0/install-sh'
libdir='${exec_prefix}/lib'
libemu_soname=''
libexecdir='${exec_prefix}/libexec'
localedir='${datarootdir}/locale'
localstatedir='${prefix}/var'
mandir='${datarootdir}/man'
mkdir_p='mkdir -p --'
oldincludedir='/usr/include'
pdfdir='${docdir}'
prefix='/opt/libemu'
program_transform_name='s,x,x,'
psdir='${docdir}'
sbindir='${exec_prefix}/sbin'
sharedstatedir='${prefix}/com'
sysconfdir='${prefix}/etc'
target_alias=''

## ----------- ##
## confdefs.h. ##
## ----------- ##

#define PACKAGE_NAME "libemu"
#define PACKAGE_TARNAME "libemu"
#define PACKAGE_VERSION "0.1.0"
#define PACKAGE_STRING "libemu 0.1.0"
#define PACKAGE_BUGREPORT "nepenthesdev@gmail.com"
#define PACKAGE "libemu"
#define VERSION "0.1.0"
#define STDC_HEADERS 1
#define HAVE_SYS_TYPES_H 1
#define HAVE_SYS_STAT_H 1
#define HAVE_STDLIB_H 1
#define HAVE_STRING_H 1
#define HAVE_MEMORY_H 1
#define HAVE_STRINGS_H 1
#define HAVE_INTTYPES_H 1
#define HAVE_STDINT_H 1
#define HAVE_UNISTD_H 1
#define HAVE_DLFCN_H 1
#define HAVE_STDINT_H 1
#define HAVE_STDLIB_H 1
#define HAVE_STRING_H 1
#define HAVE_STRINGS_H 1
#define HAVE_UNISTD_H 1
#define HAVE_DECL_GETOPT 1
#define HAVE_DECL_GETSUBOPT 1
#define HAVE_DECL_GETOPT_LONG 0
#define HAVE_DECL_SETENV 1
#define HAVE_DECL_PUTENV 1
#define RETSIGTYPE void

configure: exit 77
